{"numTotalTestSuites":812,"numPassedTestSuites":809,"numFailedTestSuites":3,"numPendingTestSuites":0,"numTotalTests":2348,"numPassedTests":2276,"numFailedTests":3,"numPendingTests":69,"numTodoTests":0,"snapshot":{"added":0,"failure":false,"filesAdded":0,"filesRemoved":0,"filesRemovedList":[],"filesUnmatched":0,"filesUpdated":0,"matched":12,"total":12,"unchecked":0,"uncheckedKeysByFile":[],"unmatched":0,"updated":0,"didUpdate":false},"startTime":1786914227764,"success":false,"testResults":[{"assertionResults":[{"ancestorTitles":["checkAcceptance (executable criteria)"],"fullName":"checkAcceptance (executable criteria) runs each check command and classifies pass/fail/manual","status":"passed","title":"runs each check command and classifies pass/fail/manual","duration":120.19719999999995,"failureMessages":[],"meta":{},"tags":[]},{"ancestorTitles":["checkAcceptance (executable criteria)"],"fullName":"checkAcceptance (executable criteria) allCheckablePassed is false when any check fails","status":"passed","title":"allCheckablePassed is false when any check fails","duration":62.420400000000086,"failureMessages":[],"meta":{},"tags":[]},{"ancestorTitles":["checkAcceptance (executable criteria)"],"fullName":"checkAcceptance (executable criteria) does NOT count manual criteria as passing (anti-circularity)","status":"passed","title":"does NOT count manual criteria as passing (anti-circularity)","duration":0.8550999999999931,"failureMessages":[],"meta":{},"tags":[]},{"ancestorTitles":["checkAcceptance (executable criteria)"],"fullName":"checkAcceptance (executable criteria) treats an empty/whitespace check as manual","status":"passed","title":"treats an empty/whitespace check as manual","duration":0.5665000000000191,"failureMessages":[],"meta":{},"tags":[]},{"ancestorTitles":["formatAcceptance"],"fullName":"formatAcceptance renders marks for pass/fail/manual","status":"passed","title":"renders marks for pass/fail/manual","duration":308.0277,"failureMessages":[],"meta":{},"tags":[]},{"ancestorTitles":["validateCriteria"],"fullName":"validateCriteria accepts strings and {description, check} objects","status":"passed","title":"accepts strings and {description, check} objects","duration":2.6085999999997966,"failureMessages":[],"meta":{},"tags":[]},{"ancestorTitles":["validateCriteria"],"fullName":"validateCriteria drops malformed entries","status":"passed","title":"drops malformed entries","duration":0.4319000000000415,"failureMessages":[],"meta":{},"tags":[]},{"ancestorTitles":["validateCriteria"],"fullName":"validateCriteria ignores an empty check string","status":"passed","title":"ignores an empty check string","duration":0.3951999999999316,"failureMessages":[],"meta":{},"tags":[]}],"startTime":1786914316668,"endTime":1786914317166.3953,"status":"passed","message":"","name":"C:/Users/A/phi-code/packages/coding-agent/test/acceptance.test.ts"},{"assertionResults":[{"ancestorTitles":["agent-def shared parser"],"fullName":"agent-def shared parser parses frontmatter fields and body","status":"passed","title":"parses frontmatter fields and body","duration":8.321000000000026,"failureMessages":[],"meta":{},"tags":[]},{"ancestorTitles":["agent-def shared parser"],"fullName":"agent-def shared parser falls back to the file basename when name is missing","status":"passed","title":"falls back to the file basename when name is missing","duration":0.9184999999999945,"failureMessages":[],"meta":{},"tags":[]},{"ancestorTitles":["agent-def shared parser"],"fullName":"agent-def shared parser returns null without a frontmatter block","status":"passed","title":"returns null without a frontmatter block","duration":0.4981000000000222,"failureMessages":[],"meta":{},"tags":[]},{"ancestorTitles":["agent-def shared parser"],"fullName":"agent-def shared parser handles empty tools","status":"passed","title":"handles empty tools","duration":0.5289000000000215,"failureMessages":[],"meta":{},"tags":[]},{"ancestorTitles":["agent-def discovery"],"fullName":"agent-def discovery finds the five bundled phase agents (any source)","status":"passed","title":"finds the five bundled phase agents (any source)","duration":27.51279999999997,"failureMessages":[],"meta":{},"tags":[]},{"ancestorTitles":["agent-def discovery"],"fullName":"agent-def discovery project agents take precedence over global/bundled ones with the same name","status":"passed","title":"project agents take precedence over global/bundled ones with the same name","duration":26.337999999999965,"failureMessages":[],"meta":{},"tags":[]},{"ancestorTitles":["agent-def discovery"],"fullName":"agent-def discovery loadAgentDef resolves every bundled phase agent used by /plan","status":"passed","title":"loadAgentDef resolves every bundled phase agent used by /plan","duration":18.54570000000001,"failureMessages":[],"meta":{},"tags":[]}],"startTime":1786914356303,"endTime":1786914356387.5457,"status":"passed","message":"","name":"C:/Users/A/phi-code/packages/coding-agent/test/agent-def.test.ts"},{"assertionResults":[{"ancestorTitles":["AgentSession auto-compaction queue resume"],"fullName":"AgentSession auto-compaction queue resume should resume after threshold compaction when only agent-level queued messages exist","status":"passed","title":"should resume after threshold compaction when only agent-level queued messages exist","duration":180.60169999999925,"failureMessages":[],"meta":{},"tags":[]},{"ancestorTitles":["AgentSession auto-compaction queue resume"],"fullName":"AgentSession auto-compaction queue resume should not compact repeatedly after overflow recovery already attempted","status":"passed","title":"should not compact repeatedly after overflow recovery already attempted","duration":114.39770000000044,"failureMessages":[],"meta":{},"tags":[]},{"ancestorTitles":["AgentSession auto-compaction queue resume"],"fullName":"AgentSession auto-compaction queue resume should ignore stale pre-compaction assistant usage on pre-prompt compaction checks","status":"passed","title":"should ignore stale pre-compaction assistant usage on pre-prompt compaction checks","duration":221.90850000000046,"failureMessages":[],"meta":{},"tags":[]},{"ancestorTitles":["AgentSession auto-compaction queue resume"],"fullName":"AgentSession auto-compaction queue resume should trigger threshold compaction for error messages using last successful usage","status":"passed","title":"should trigger threshold compaction for error messages using last successful usage","duration":131.54349999999977,"failureMessages":[],"meta":{},"tags":[]},{"ancestorTitles":["AgentSession auto-compaction queue resume"],"fullName":"AgentSession auto-compaction queue resume should not trigger threshold compaction for error messages when no prior usage exists","status":"passed","title":"should not trigger threshold compaction for error messages when no prior usage exists","duration":85.76339999999982,"failureMessages":[],"meta":{},"tags":[]},{"ancestorTitles":["AgentSession auto-compaction queue resume"],"fullName":"AgentSession auto-compaction queue resume should not trigger threshold compaction for error messages when only kept pre-compaction usage exists","status":"passed","title":"should not trigger threshold compaction for error messages when only kept pre-compaction usage exists","duration":54.61410000000069,"failureMessages":[],"meta":{},"tags":[]}],"startTime":1786914292420,"endTime":1786914293209.614,"status":"passed","message":"","name":"C:/Users/A/phi-code/packages/coding-agent/test/agent-session-auto-compaction-queue.test.ts"},{"assertionResults":[{"ancestorTitles":["AgentSession forking"],"fullName":"AgentSession forking should allow forking from single message","status":"skipped","title":"should allow forking from single message","failureMessages":[],"meta":{},"tags":[]},{"ancestorTitles":["AgentSession forking"],"fullName":"AgentSession forking should support in-memory forking in --no-session mode","status":"skipped","title":"should support in-memory forking in --no-session mode","failureMessages":[],"meta":{},"tags":[]},{"ancestorTitles":["AgentSession forking"],"fullName":"AgentSession forking should fork from middle of conversation","status":"skipped","title":"should fork from middle of conversation","failureMessages":[],"meta":{},"tags":[]}],"startTime":1786914227764,"endTime":1786914227764,"status":"passed","message":"","name":"C:/Users/A/phi-code/packages/coding-agent/test/agent-session-branching.test.ts"},{"assertionResults":[{"ancestorTitles":["AgentSession compaction e2e"],"fullName":"AgentSession compaction e2e should trigger manual compaction via compact()","status":"skipped","title":"should trigger manual compaction via compact()","failureMessages":[],"meta":{},"tags":[]},{"ancestorTitles":["AgentSession compaction e2e"],"fullName":"AgentSession compaction e2e should maintain valid session state after compaction","status":"skipped","title":"should maintain valid session state after compaction","failureMessages":[],"meta":{},"tags":[]},{"ancestorTitles":["AgentSession compaction e2e"],"fullName":"AgentSession compaction e2e should persist compaction to session file","status":"skipped","title":"should persist compaction to session file","failureMessages":[],"meta":{},"tags":[]},{"ancestorTitles":["AgentSession compaction e2e"],"fullName":"AgentSession compaction e2e should work with --no-session mode (in-memory only)","status":"skipped","title":"should work with --no-session mode (in-memory only)","failureMessages":[],"meta":{},"tags":[]},{"ancestorTitles":["AgentSession compaction e2e"],"fullName":"AgentSession compaction e2e should emit compaction events during manual compaction","status":"skipped","title":"should emit compaction events during manual compaction","failureMessages":[],"meta":{},"tags":[]}],"startTime":1786914227764,"endTime":1786914227764,"status":"passed","message":"","name":"C:/Users/A/phi-code/packages/coding-agent/test/agent-session-compaction.test.ts"},{"assertionResults":[{"ancestorTitles":["AgentSession concurrent prompt guard"],"fullName":"AgentSession concurrent prompt guard should throw when prompt() called while streaming","status":"passed","title":"should throw when prompt() called while streaming","duration":131.20420000000013,"failureMessages":[],"meta":{},"tags":[]},{"ancestorTitles":["AgentSession concurrent prompt guard"],"fullName":"AgentSession concurrent prompt guard should allow steer() while streaming","status":"passed","title":"should allow steer() while streaming","duration":98.09919999999966,"failureMessages":[],"meta":{},"tags":[]},{"ancestorTitles":["AgentSession concurrent prompt guard"],"fullName":"AgentSession concurrent prompt guard should allow followUp() while streaming","status":"passed","title":"should allow followUp() while streaming","duration":79.92570000000069,"failureMessages":[],"meta":{},"tags":[]},{"ancestorTitles":["AgentSession concurrent prompt guard"],"fullName":"AgentSession concurrent prompt guard should queue extension-origin steering messages while streaming","status":"passed","title":"should queue extension-origin steering messages while streaming","duration":114.86359999999968,"failureMessages":[],"meta":{},"tags":[]},{"ancestorTitles":["AgentSession concurrent prompt guard"],"fullName":"AgentSession concurrent prompt guard should allow prompt() after previous completes","status":"passed","title":"should allow prompt() after previous completes","duration":87.2493999999997,"failureMessages":[],"meta":{},"tags":[]},{"ancestorTitles":["AgentSession concurrent prompt guard"],"fullName":"AgentSession concurrent prompt guard should wait for queued agent events before emitting tool_call","status":"passed","title":"should wait for queued agent events before emitting tool_call","duration":78.64439999999922,"failureMessages":[],"meta":{},"tags":[]},{"ancestorTitles":["AgentSession concurrent prompt guard"],"fullName":"AgentSession concurrent prompt guard should persist message_end events in order with slow extension handlers","status":"passed","title":"should persist message_end events in order with slow extension handlers","duration":256.3112000000001,"failureMessages":[],"meta":{},"tags":[]}],"startTime":1786914283656,"endTime":1786914284502.3113,"status":"passed","message":"","name":"C:/Users/A/phi-code/packages/coding-agent/test/agent-session-concurrent.test.ts"},{"assertionResults":[{"ancestorTitles":["AgentSession dynamic provider registration"],"fullName":"AgentSession dynamic provider registration applies top-level registerProvider overrides to the active model","status":"passed","title":"applies top-level registerProvider overrides to the active model","duration":201.29110000000037,"failureMessages":[],"meta":{},"tags":[]},{"ancestorTitles":["AgentSession dynamic provider registration"],"fullName":"AgentSession dynamic provider registration applies session_start registerProvider overrides to the active model","status":"passed","title":"applies session_start registerProvider overrides to the active model","duration":160.15200000000004,"failureMessages":[],"meta":{},"tags":[]},{"ancestorTitles":["AgentSession dynamic provider registration"],"fullName":"AgentSession dynamic provider registration registers native pi-ai providers during extension loading","status":"passed","title":"registers native pi-ai providers during extension loading","duration":149.4877000000006,"failureMessages":[],"meta":{},"tags":[]},{"ancestorTitles":["AgentSession dynamic provider registration"],"fullName":"AgentSession dynamic provider registration applies command-time registerProvider overrides without reload","status":"passed","title":"applies command-time registerProvider overrides without reload","duration":91.28570000000036,"failureMessages":[],"meta":{},"tags":[]},{"ancestorTitles":["AgentSession dynamic provider registration"],"fullName":"AgentSession dynamic provider registration registers native pi-ai providers at command time","status":"passed","title":"registers native pi-ai providers at command time","duration":88.52419999999984,"failureMessages":[],"meta":{},"tags":[]}],"startTime":1786914281708,"endTime":1786914282399.5242,"status":"passed","message":"","name":"C:/Users/A/phi-code/packages/coding-agent/test/agent-session-dynamic-provider.test.ts"},{"assertionResults":[{"ancestorTitles":["AgentSession dynamic tool registration"],"fullName":"AgentSession dynamic tool registration exposes session state before custom bash spawn hooks and supports opting out","status":"passed","title":"exposes session state before custom bash spawn hooks and supports opting out","duration":448.98189999999977,"failureMessages":[],"meta":{},"tags":[]},{"ancestorTitles":["AgentSession dynamic tool registration"],"fullName":"AgentSession dynamic tool registration refreshes tool registry when tools are registered after initialization","status":"passed","title":"refreshes tool registry when tools are registered after initialization","duration":65.0625,"failureMessages":[],"meta":{},"tags":[]},{"ancestorTitles":["AgentSession dynamic tool registration"],"fullName":"AgentSession dynamic tool registration returns source metadata for SDK custom tools","status":"passed","title":"returns source metadata for SDK custom tools","duration":125.75910000000022,"failureMessages":[],"meta":{},"tags":[]},{"ancestorTitles":["AgentSession dynamic tool registration"],"fullName":"AgentSession dynamic tool registration keeps custom tools active but omits them from available tools when promptSnippet is not provided","status":"passed","title":"keeps custom tools active but omits them from available tools when promptSnippet is not provided","duration":71.3773000000001,"failureMessages":[],"meta":{},"tags":[]}],"startTime":1786914295120,"endTime":1786914295831.3772,"status":"passed","message":"","name":"C:/Users/A/phi-code/packages/coding-agent/test/agent-session-dynamic-tools.test.ts"},{"assertionResults":[{"ancestorTitles":["AgentSession retry"],"fullName":"AgentSession retry retries after a transient error and succeeds","status":"passed","title":"retries after a transient error and succeeds","duration":184.38200000000052,"failureMessages":[],"meta":{},"tags":[]},{"ancestorTitles":["AgentSession retry"],"fullName":"AgentSession retry exhausts max retries and emits failure","status":"passed","title":"exhausts max retries and emits failure","duration":90.73980000000029,"failureMessages":[],"meta":{},"tags":[]},{"ancestorTitles":["AgentSession retry"],"fullName":"AgentSession retry prompt waits for retry completion even when assistant message_end handling is delayed","status":"passed","title":"prompt waits for retry completion even when assistant message_end handling is delayed","duration":172.7444000000005,"failureMessages":[],"meta":{},"tags":[]},{"ancestorTitles":["AgentSession retry"],"fullName":"AgentSession retry retries provider network_error failures","status":"passed","title":"retries provider network_error failures","duration":305.0662000000002,"failureMessages":[],"meta":{},"tags":[]},{"ancestorTitles":["AgentSession retry"],"fullName":"AgentSession retry prompt waits for full agent loop when retry produces tool calls","status":"passed","title":"prompt waits for full agent loop when retry produces tool calls","duration":142.60919999999987,"failureMessages":[],"meta":{},"tags":[]}],"startTime":1786914284943,"endTime":1786914285838.6091,"status":"passed","message":"","name":"C:/Users/A/phi-code/packages/coding-agent/test/agent-session-retry.test.ts"},{"assertionResults":[{"ancestorTitles":["AgentSessionRuntime session lifecycle events"],"fullName":"AgentSessionRuntime session lifecycle events emits session_before_switch and session_start for new and resume flows","status":"passed","title":"emits session_before_switch and session_start for new and resume flows","duration":254.72740000000067,"failureMessages":[],"meta":{},"tags":[]},{"ancestorTitles":["AgentSessionRuntime session lifecycle events"],"fullName":"AgentSessionRuntime session lifecycle events honors session_before_switch cancellation","status":"passed","title":"honors session_before_switch cancellation","duration":81.49479999999949,"failureMessages":[],"meta":{},"tags":[]},{"ancestorTitles":["AgentSessionRuntime session lifecycle events"],"fullName":"AgentSessionRuntime session lifecycle events runs beforeSessionInvalidate after session_shutdown and before rebindSession","status":"passed","title":"runs beforeSessionInvalidate after session_shutdown and before rebindSession","duration":94.50810000000001,"failureMessages":[],"meta":{},"tags":[]},{"ancestorTitles":["AgentSessionRuntime session lifecycle events"],"fullName":"AgentSessionRuntime session lifecycle events emits session_before_fork and session_start and honors cancellation","status":"passed","title":"emits session_before_fork and session_start and honors cancellation","duration":131.38820000000032,"failureMessages":[],"meta":{},"tags":[]}],"startTime":1786914294484,"endTime":1786914295046.3882,"status":"passed","message":"","name":"C:/Users/A/phi-code/packages/coding-agent/test/agent-session-runtime-events.test.ts"},{"assertionResults":[{"ancestorTitles":["AgentSession.getSessionStats"],"fullName":"AgentSession.getSessionStats exposes the current context usage alongside token totals","status":"passed","title":"exposes the current context usage alongside token totals","duration":100.15790000000015,"failureMessages":[],"meta":{},"tags":[]},{"ancestorTitles":["AgentSession.getSessionStats"],"fullName":"AgentSession.getSessionStats reports unknown current context usage immediately after compaction","status":"passed","title":"reports unknown current context usage immediately after compaction","duration":42.152099999999336,"failureMessages":[],"meta":{},"tags":[]},{"ancestorTitles":["AgentSession.getSessionStats"],"fullName":"AgentSession.getSessionStats uses post-compaction usage for current context instead of stale kept usage","status":"passed","title":"uses post-compaction usage for current context instead of stale kept usage","duration":30.55159999999978,"failureMessages":[],"meta":{},"tags":[]},{"ancestorTitles":["AgentSession.getSessionStats"],"fullName":"AgentSession.getSessionStats includes branch summary usage in session totals","status":"passed","title":"includes branch summary usage in session totals","duration":18.940299999999297,"failureMessages":[],"meta":{},"tags":[]},{"ancestorTitles":["AgentSession.getSessionStats"],"fullName":"AgentSession.getSessionStats includes compaction usage in session totals","status":"passed","title":"includes compaction usage in session totals","duration":24.1283999999996,"failureMessages":[],"meta":{},"tags":[]},{"ancestorTitles":["AgentSession.getSessionStats"],"fullName":"AgentSession.getSessionStats includes tool result usage in session totals","status":"passed","title":"includes tool result usage in session totals","duration":17.10020000000077,"failureMessages":[],"meta":{},"tags":[]},{"ancestorTitles":["AgentSession.getSessionStats"],"fullName":"AgentSession.getSessionStats groups tool and summary usage separately from model-attributed usage","status":"passed","title":"groups tool and summary usage separately from model-attributed usage","duration":1.7881999999999607,"failureMessages":[],"meta":{},"tags":[]},{"ancestorTitles":["AgentSession.getSessionStats"],"fullName":"AgentSession.getSessionStats ignores zero-usage messages when checking for post-compaction context usage","status":"passed","title":"ignores zero-usage messages when checking for post-compaction context usage","duration":17.26800000000003,"failureMessages":[],"meta":{},"tags":[]}],"startTime":1786914318716,"endTime":1786914318968.268,"status":"passed","message":"","name":"C:/Users/A/phi-code/packages/coding-agent/test/agent-session-stats.test.ts"},{"assertionResults":[{"ancestorTitles":["AgentSession tree navigation e2e"],"fullName":"AgentSession tree navigation e2e should navigate to user message and put text in editor","status":"skipped","title":"should navigate to user message and put text in editor","failureMessages":[],"meta":{},"tags":[]},{"ancestorTitles":["AgentSession tree navigation e2e"],"fullName":"AgentSession tree navigation e2e should navigate to non-user message without editor text","status":"skipped","title":"should navigate to non-user message without editor text","failureMessages":[],"meta":{},"tags":[]},{"ancestorTitles":["AgentSession tree navigation e2e"],"fullName":"AgentSession tree navigation e2e should create branch summary when navigating with summarize=true","status":"skipped","title":"should create branch summary when navigating with summarize=true","failureMessages":[],"meta":{},"tags":[]},{"ancestorTitles":["AgentSession tree navigation e2e"],"fullName":"AgentSession tree navigation e2e should attach summary to correct parent when navigating to nested user message","status":"skipped","title":"should attach summary to correct parent when navigating to nested user message","failureMessages":[],"meta":{},"tags":[]},{"ancestorTitles":["AgentSession tree navigation e2e"],"fullName":"AgentSession tree navigation e2e should attach summary to selected node when navigating to assistant message","status":"skipped","title":"should attach summary to selected node when navigating to assistant message","failureMessages":[],"meta":{},"tags":[]},{"ancestorTitles":["AgentSession tree navigation e2e"],"fullName":"AgentSession tree navigation e2e should handle abort during summarization","status":"skipped","title":"should handle abort during summarization","failureMessages":[],"meta":{},"tags":[]},{"ancestorTitles":["AgentSession tree navigation e2e"],"fullName":"AgentSession tree navigation e2e should not create summary when navigating without summarize option","status":"skipped","title":"should not create summary when navigating without summarize option","failureMessages":[],"meta":{},"tags":[]},{"ancestorTitles":["AgentSession tree navigation e2e"],"fullName":"AgentSession tree navigation e2e should handle navigation to same position (no-op)","status":"skipped","title":"should handle navigation to same position (no-op)","failureMessages":[],"meta":{},"tags":[]},{"ancestorTitles":["AgentSession tree navigation e2e"],"fullName":"AgentSession tree navigation e2e should support custom summarization instructions","status":"skipped","title":"should support custom summarization instructions","failureMessages":[],"meta":{},"tags":[]},{"ancestorTitles":["AgentSession tree navigation - branch scenarios"],"fullName":"AgentSession tree navigation - branch scenarios should navigate between branches correctly","status":"skipped","title":"should navigate between branches correctly","failureMessages":[],"meta":{},"tags":[]}],"startTime":1786914227764,"endTime":1786914227764,"status":"passed","message":"","name":"C:/Users/A/phi-code/packages/coding-agent/test/agent-session-tree-navigation.test.ts"},{"assertionResults":[{"ancestorTitles":["stripAnsi"],"fullName":"stripAnsi matches chalk strip-ansi for generated compatibility inputs","status":"passed","title":"matches chalk strip-ansi for generated compatibility inputs","duration":19.615499999999997,"failureMessages":[],"meta":{},"tags":[]},{"ancestorTitles":["stripAnsi"],"fullName":"stripAnsi throws the same TypeError as chalk strip-ansi for non-string values","status":"passed","title":"throws the same TypeError as chalk strip-ansi for non-string values","duration":4.452199999999948,"failureMessages":[],"meta":{},"tags":[]},{"ancestorTitles":["stripAnsi"],"fullName":"stripAnsi strips RIS without leaking the final byte","status":"passed","title":"strips RIS without leaking the final byte","duration":0.5529999999999973,"failureMessages":[],"meta":{},"tags":[]},{"ancestorTitles":["stripAnsi"],"fullName":"stripAnsi strips single-byte ESC sequences without leaking final bytes","status":"passed","title":"strips single-byte ESC sequences without leaking final bytes","duration":1.6065999999999576,"failureMessages":[],"meta":{},"tags":[]},{"ancestorTitles":["stripAnsi"],"fullName":"stripAnsi strips common ANSI sequences used in tool output","status":"passed","title":"strips common ANSI sequences used in tool output","duration":0.5289999999999964,"failureMessages":[],"meta":{},"tags":[]}],"startTime":1786914374269,"endTime":1786914374296.529,"status":"passed","message":"","name":"C:/Users/A/phi-code/packages/coding-agent/test/ansi-utils.test.ts"},{"assertionResults":[{"ancestorTitles":["ApiKeyStore"],"fullName":"ApiKeyStore load returns empty providers when file does not exist","status":"passed","title":"load returns empty providers when file does not exist","duration":10.282799999999952,"failureMessages":[],"meta":{},"tags":[]},{"ancestorTitles":["ApiKeyStore"],"fullName":"ApiKeyStore setKey writes file atomically and persists the key","status":"passed","title":"setKey writes file atomically and persists the key","duration":7.370900000000006,"failureMessages":[],"meta":{},"tags":[]},{"ancestorTitles":["ApiKeyStore"],"fullName":"ApiKeyStore setKey emits key_changed event without leaking the raw key","status":"passed","title":"setKey emits key_changed event without leaking the raw key","duration":7.872700000000009,"failureMessages":[],"meta":{},"tags":[]},{"ancestorTitles":["ApiKeyStore"],"fullName":"ApiKeyStore getKey returns stored key first, falls back to env var","status":"passed","title":"getKey returns stored key first, falls back to env var","duration":10.527600000000007,"failureMessages":[],"meta":{},"tags":[]},{"ancestorTitles":["ApiKeyStore"],"fullName":"ApiKeyStore getKey ignores env-var-style placeholder ($VARNAME) in store","status":"passed","title":"getKey ignores env-var-style placeholder ($VARNAME) in store","duration":20.587599999999952,"failureMessages":[],"meta":{},"tags":[]},{"ancestorTitles":["ApiKeyStore"],"fullName":"ApiKeyStore removeKey deletes the apiKey but preserves other provider config","status":"passed","title":"removeKey deletes the apiKey but preserves other provider config","duration":15.825699999999983,"failureMessages":[],"meta":{},"tags":[]},{"ancestorTitles":["ApiKeyStore"],"fullName":"ApiKeyStore removeKey emits key_removed event","status":"passed","title":"removeKey emits key_removed event","duration":7.4605999999999995,"failureMessages":[],"meta":{},"tags":[]},{"ancestorTitles":["ApiKeyStore"],"fullName":"ApiKeyStore listProviders returns all configured providers","status":"passed","title":"listProviders returns all configured providers","duration":8.55989999999997,"failureMessages":[],"meta":{},"tags":[]},{"ancestorTitles":["ApiKeyStore"],"fullName":"ApiKeyStore reloadFromDisk picks up external edits","status":"passed","title":"reloadFromDisk picks up external edits","duration":6.7217999999999165,"failureMessages":[],"meta":{},"tags":[]},{"ancestorTitles":["ApiKeyStore"],"fullName":"ApiKeyStore maskKey returns sensible masks for different key lengths","status":"passed","title":"maskKey returns sensible masks for different key lengths","duration":3.6485000000000127,"failureMessages":[],"meta":{},"tags":[]},{"ancestorTitles":["ApiKeyStore"],"fullName":"ApiKeyStore setKey applies chmod 0600 on Unix (skipped on Windows)","status":"passed","title":"setKey applies chmod 0600 on Unix (skipped on Windows)","duration":1.5380999999999858,"failureMessages":[],"meta":{},"tags":[]},{"ancestorTitles":["ApiKeyStore"],"fullName":"ApiKeyStore load tolerates // comments and trailing commas (same as model-registry)","status":"passed","title":"load tolerates // comments and trailing commas (same as model-registry)","duration":4.481899999999996,"failureMessages":[],"meta":{},"tags":[]},{"ancestorTitles":["ApiKeyStore","getKey resolution (resolve-config-value convention)"],"fullName":"ApiKeyStore getKey resolution (resolve-config-value convention) returns literal keys as-is","status":"passed","title":"returns literal keys as-is","duration":8.301899999999932,"failureMessages":[],"meta":{},"tags":[]},{"ancestorTitles":["ApiKeyStore","getKey resolution (resolve-config-value convention)"],"fullName":"ApiKeyStore getKey resolution (resolve-config-value convention) a bare NAME is a literal credential, not an env-var reference","status":"passed","title":"a bare NAME is a literal credential, not an env-var reference","duration":6.086000000000013,"failureMessages":[],"meta":{},"tags":[]},{"ancestorTitles":["ApiKeyStore","getKey resolution (resolve-config-value convention)"],"fullName":"ApiKeyStore getKey resolution (resolve-config-value convention) resolves legacy $NAME notation to the NAME env var","status":"passed","title":"resolves legacy $NAME notation to the NAME env var","duration":5.48720000000003,"failureMessages":[],"meta":{},"tags":[]},{"ancestorTitles":["ApiKeyStore","getKey resolution (resolve-config-value convention)"],"fullName":"ApiKeyStore getKey resolution (resolve-config-value convention) unresolved $NAME falls back to the envVar parameter, never returned literally","status":"passed","title":"unresolved $NAME falls back to the envVar parameter, never returned literally","duration":6.400600000000054,"failureMessages":[],"meta":{},"tags":[]},{"ancestorTitles":["ApiKeyStore","getKey resolution (resolve-config-value convention)"],"fullName":"ApiKeyStore getKey resolution (resolve-config-value convention) empty stored key falls back to the envVar parameter","status":"passed","title":"empty stored key falls back to the envVar parameter","duration":6.238899999999944,"failureMessages":[],"meta":{},"tags":[]}],"startTime":1786914357904,"endTime":1786914358042.239,"status":"passed","message":"","name":"C:/Users/A/phi-code/packages/coding-agent/test/api-key-store.test.ts"},{"assertionResults":[{"ancestorTitles":["parseArgs","--version flag"],"fullName":"parseArgs --version flag parses --version flag","status":"passed","title":"parses --version flag","duration":6.605000000000018,"failureMessages":[],"meta":{},"tags":[]},{"ancestorTitles":["parseArgs","--version flag"],"fullName":"parseArgs --version flag parses -v shorthand","status":"passed","title":"parses -v shorthand","duration":0.7182999999999993,"failureMessages":[],"meta":{},"tags":[]},{"ancestorTitles":["parseArgs","--version flag"],"fullName":"parseArgs --version flag --version takes precedence over other args","status":"passed","title":"--version takes precedence over other args","duration":2.6263000000000147,"failureMessages":[],"meta":{},"tags":[]},{"ancestorTitles":["parseArgs","--help flag"],"fullName":"parseArgs --help flag parses --help flag","status":"passed","title":"parses --help flag","duration":0.6347999999999274,"failureMessages":[],"meta":{},"tags":[]},{"ancestorTitles":["parseArgs","--help flag"],"fullName":"parseArgs --help flag parses -h shorthand","status":"passed","title":"parses -h shorthand","duration":0.6187999999999647,"failureMessages":[],"meta":{},"tags":[]},{"ancestorTitles":["parseArgs","--print flag"],"fullName":"parseArgs --print flag parses --print flag","status":"passed","title":"parses --print flag","duration":0.5955999999999904,"failureMessages":[],"meta":{},"tags":[]},{"ancestorTitles":["parseArgs","--print flag"],"fullName":"parseArgs --print flag parses -p shorthand","status":"passed","title":"parses -p shorthand","duration":0.5407999999999902,"failureMessages":[],"meta":{},"tags":[]},{"ancestorTitles":["parseArgs","--print flag"],"fullName":"parseArgs --print flag parses prompt after -p even when it starts with YAML frontmatter","status":"passed","title":"parses prompt after -p even when it starts with YAML frontmatter","duration":10.235199999999963,"failureMessages":[],"meta":{},"tags":[]},{"ancestorTitles":["parseArgs","--print flag"],"fullName":"parseArgs --print flag does not consume options after -p as prompts","status":"passed","title":"does not consume options after -p as prompts","duration":1.280300000000011,"failureMessages":[],"meta":{},"tags":[]},{"ancestorTitles":["parseArgs","--continue flag"],"fullName":"parseArgs --continue flag parses --continue flag","status":"passed","title":"parses --continue flag","duration":0.9964999999999691,"failureMessages":[],"meta":{},"tags":[]},{"ancestorTitles":["parseArgs","--continue flag"],"fullName":"parseArgs --continue flag parses -c shorthand","status":"passed","title":"parses -c shorthand","duration":0.448099999999954,"failureMessages":[],"meta":{},"tags":[]},{"ancestorTitles":["parseArgs","--resume flag"],"fullName":"parseArgs --resume flag parses --resume flag","status":"passed","title":"parses --resume flag","duration":0.4030999999999949,"failureMessages":[],"meta":{},"tags":[]},{"ancestorTitles":["parseArgs","--resume flag"],"fullName":"parseArgs --resume flag parses -r shorthand","status":"passed","title":"parses -r shorthand","duration":0.3689000000000533,"failureMessages":[],"meta":{},"tags":[]},{"ancestorTitles":["parseArgs","flags with values"],"fullName":"parseArgs flags with values parses --provider","status":"passed","title":"parses --provider","duration":0.40200000000004366,"failureMessages":[],"meta":{},"tags":[]},{"ancestorTitles":["parseArgs","flags with values"],"fullName":"parseArgs flags with values parses --model","status":"passed","title":"parses --model","duration":0.524599999999964,"failureMessages":[],"meta":{},"tags":[]},{"ancestorTitles":["parseArgs","flags with values"],"fullName":"parseArgs flags with values parses --api-key","status":"passed","title":"parses --api-key","duration":0.3910999999999376,"failureMessages":[],"meta":{},"tags":[]},{"ancestorTitles":["parseArgs","flags with values"],"fullName":"parseArgs flags with values parses --system-prompt","status":"passed","title":"parses --system-prompt","duration":0.3810000000000855,"failureMessages":[],"meta":{},"tags":[]},{"ancestorTitles":["parseArgs","flags with values"],"fullName":"parseArgs flags with values parses --append-system-prompt","status":"passed","title":"parses --append-system-prompt","duration":0.39659999999992124,"failureMessages":[],"meta":{},"tags":[]},{"ancestorTitles":["parseArgs","flags with values"],"fullName":"parseArgs flags with values parses multiple --append-system-prompt flags","status":"passed","title":"parses multiple --append-system-prompt flags","duration":0.782799999999952,"failureMessages":[],"meta":{},"tags":[]},{"ancestorTitles":["parseArgs","flags with values"],"fullName":"parseArgs flags with values parses --mode","status":"passed","title":"parses --mode","duration":0.5369000000000597,"failureMessages":[],"meta":{},"tags":[]},{"ancestorTitles":["parseArgs","flags with values"],"fullName":"parseArgs flags with values parses --mode rpc","status":"passed","title":"parses --mode rpc","duration":3.1323999999999614,"failureMessages":[],"meta":{},"tags":[]},{"ancestorTitles":["parseArgs","flags with values"],"fullName":"parseArgs flags with values parses --session","status":"passed","title":"parses --session","duration":0.3692999999999529,"failureMessages":[],"meta":{},"tags":[]},{"ancestorTitles":["parseArgs","flags with values"],"fullName":"parseArgs flags with values parses --session-id","status":"passed","title":"parses --session-id","duration":0.3564000000000078,"failureMessages":[],"meta":{},"tags":[]},{"ancestorTitles":["parseArgs","flags with values"],"fullName":"parseArgs flags with values parses --fork","status":"passed","title":"parses --fork","duration":0.40999999999996817,"failureMessages":[],"meta":{},"tags":[]},{"ancestorTitles":["parseArgs","flags with values"],"fullName":"parseArgs flags with values parses --export","status":"passed","title":"parses --export","duration":0.27930000000003474,"failureMessages":[],"meta":{},"tags":[]},{"ancestorTitles":["parseArgs","flags with values"],"fullName":"parseArgs flags with values parses --thinking","status":"passed","title":"parses --thinking","duration":0.31540000000006785,"failureMessages":[],"meta":{},"tags":[]},{"ancestorTitles":["parseArgs","flags with values"],"fullName":"parseArgs flags with values parses --models as comma-separated list","status":"passed","title":"parses --models as comma-separated list","duration":0.4317999999999529,"failureMessages":[],"meta":{},"tags":[]},{"ancestorTitles":["parseArgs","--name flag"],"fullName":"parseArgs --name flag parses --name flag with value","status":"passed","title":"parses --name flag with value","duration":0.3061999999999898,"failureMessages":[],"meta":{},"tags":[]},{"ancestorTitles":["parseArgs","--name flag"],"fullName":"parseArgs --name flag parses -n shorthand","status":"passed","title":"parses -n shorthand","duration":0.26400000000001,"failureMessages":[],"meta":{},"tags":[]},{"ancestorTitles":["parseArgs","--name flag"],"fullName":"parseArgs --name flag preserves empty values for main validation","status":"passed","title":"preserves empty values for main validation","duration":0.29160000000001673,"failureMessages":[],"meta":{},"tags":[]},{"ancestorTitles":["parseArgs","--name flag"],"fullName":"parseArgs --name flag reports missing value","status":"passed","title":"reports missing value","duration":0.44830000000001746,"failureMessages":[],"meta":{},"tags":[]},{"ancestorTitles":["parseArgs","--name flag"],"fullName":"parseArgs --name flag works alongside other flags","status":"passed","title":"works alongside other flags","duration":0.7549999999999955,"failureMessages":[],"meta":{},"tags":[]},{"ancestorTitles":["parseArgs","--no-session flag"],"fullName":"parseArgs --no-session flag parses --no-session flag","status":"passed","title":"parses --no-session flag","duration":0.35130000000003747,"failureMessages":[],"meta":{},"tags":[]},{"ancestorTitles":["parseArgs","--extension flag"],"fullName":"parseArgs --extension flag parses single --extension","status":"passed","title":"parses single --extension","duration":0.48840000000006967,"failureMessages":[],"meta":{},"tags":[]},{"ancestorTitles":["parseArgs","--extension flag"],"fullName":"parseArgs --extension flag parses -e shorthand","status":"passed","title":"parses -e shorthand","duration":0.4011999999999034,"failureMessages":[],"meta":{},"tags":[]},{"ancestorTitles":["parseArgs","--extension flag"],"fullName":"parseArgs --extension flag parses multiple --extension flags","status":"passed","title":"parses multiple --extension flags","duration":0.5063999999999851,"failureMessages":[],"meta":{},"tags":[]},{"ancestorTitles":["parseArgs","--no-extensions flag"],"fullName":"parseArgs --no-extensions flag parses --no-extensions flag","status":"passed","title":"parses --no-extensions flag","duration":0.3649000000000342,"failureMessages":[],"meta":{},"tags":[]},{"ancestorTitles":["parseArgs","--no-extensions flag"],"fullName":"parseArgs --no-extensions flag parses --no-extensions with explicit -e flags","status":"passed","title":"parses --no-extensions with explicit -e flags","duration":0.41039999999998145,"failureMessages":[],"meta":{},"tags":[]},{"ancestorTitles":["parseArgs","--skill flag"],"fullName":"parseArgs --skill flag parses single --skill","status":"passed","title":"parses single --skill","duration":0.3549999999999045,"failureMessages":[],"meta":{},"tags":[]},{"ancestorTitles":["parseArgs","--skill flag"],"fullName":"parseArgs --skill flag parses multiple --skill flags","status":"passed","title":"parses multiple --skill flags","duration":0.31729999999993197,"failureMessages":[],"meta":{},"tags":[]},{"ancestorTitles":["parseArgs","--prompt-template flag"],"fullName":"parseArgs --prompt-template flag parses single --prompt-template","status":"passed","title":"parses single --prompt-template","duration":0.3266999999999598,"failureMessages":[],"meta":{},"tags":[]},{"ancestorTitles":["parseArgs","--prompt-template flag"],"fullName":"parseArgs --prompt-template flag parses multiple --prompt-template flags","status":"passed","title":"parses multiple --prompt-template flags","duration":0.3205000000000382,"failureMessages":[],"meta":{},"tags":[]},{"ancestorTitles":["parseArgs","--theme flag"],"fullName":"parseArgs --theme flag parses single --theme","status":"passed","title":"parses single --theme","duration":0.311800000000062,"failureMessages":[],"meta":{},"tags":[]},{"ancestorTitles":["parseArgs","--theme flag"],"fullName":"parseArgs --theme flag parses multiple --theme flags","status":"passed","title":"parses multiple --theme flags","duration":0.35000000000002274,"failureMessages":[],"meta":{},"tags":[]},{"ancestorTitles":["parseArgs","--use-theme flag"],"fullName":"parseArgs --use-theme flag parses --use-theme","status":"passed","title":"parses --use-theme","duration":0.27329999999994925,"failureMessages":[],"meta":{},"tags":[]},{"ancestorTitles":["parseArgs","--use-theme flag"],"fullName":"parseArgs --use-theme flag reports when the theme name value is missing","status":"passed","title":"reports when the theme name value is missing","duration":0.505399999999895,"failureMessages":[],"meta":{},"tags":[]},{"ancestorTitles":["parseArgs","--no-skills flag"],"fullName":"parseArgs --no-skills flag parses --no-skills flag","status":"passed","title":"parses --no-skills flag","duration":0.5694999999999482,"failureMessages":[],"meta":{},"tags":[]},{"ancestorTitles":["parseArgs","--no-prompt-templates flag"],"fullName":"parseArgs --no-prompt-templates flag parses --no-prompt-templates flag","status":"passed","title":"parses --no-prompt-templates flag","duration":0.37789999999995416,"failureMessages":[],"meta":{},"tags":[]},{"ancestorTitles":["parseArgs","--no-themes flag"],"fullName":"parseArgs --no-themes flag parses --no-themes flag","status":"passed","title":"parses --no-themes flag","duration":0.2636999999999716,"failureMessages":[],"meta":{},"tags":[]},{"ancestorTitles":["parseArgs","--no-context-files flag"],"fullName":"parseArgs --no-context-files flag parses --no-context-files flag","status":"passed","title":"parses --no-context-files flag","duration":0.7731999999999744,"failureMessages":[],"meta":{},"tags":[]},{"ancestorTitles":["parseArgs","--no-context-files flag"],"fullName":"parseArgs --no-context-files flag parses -nc shorthand","status":"passed","title":"parses -nc shorthand","duration":0.3607000000000653,"failureMessages":[],"meta":{},"tags":[]},{"ancestorTitles":["parseArgs","project approval flags"],"fullName":"parseArgs project approval flags parses --approve","status":"passed","title":"parses --approve","duration":0.26720000000000255,"failureMessages":[],"meta":{},"tags":[]},{"ancestorTitles":["parseArgs","project approval flags"],"fullName":"parseArgs project approval flags parses -a shorthand","status":"passed","title":"parses -a shorthand","duration":0.24950000000001182,"failureMessages":[],"meta":{},"tags":[]},{"ancestorTitles":["parseArgs","project approval flags"],"fullName":"parseArgs project approval flags parses --no-approve","status":"passed","title":"parses --no-approve","duration":0.24950000000001182,"failureMessages":[],"meta":{},"tags":[]},{"ancestorTitles":["parseArgs","project approval flags"],"fullName":"parseArgs project approval flags parses -na shorthand","status":"passed","title":"parses -na shorthand","duration":0.2339000000000624,"failureMessages":[],"meta":{},"tags":[]},{"ancestorTitles":["parseArgs","--verbose flag"],"fullName":"parseArgs --verbose flag parses --verbose flag","status":"passed","title":"parses --verbose flag","duration":0.24579999999991742,"failureMessages":[],"meta":{},"tags":[]},{"ancestorTitles":["parseArgs","--offline flag"],"fullName":"parseArgs --offline flag parses --offline flag","status":"passed","title":"parses --offline flag","duration":0.24709999999993215,"failureMessages":[],"meta":{},"tags":[]},{"ancestorTitles":["parseArgs","--tui-mode flag"],"fullName":"parseArgs --tui-mode flag parses regular mode","status":"passed","title":"parses regular mode","duration":0.29690000000005057,"failureMessages":[],"meta":{},"tags":[]},{"ancestorTitles":["parseArgs","--tui-mode flag"],"fullName":"parseArgs --tui-mode flag parses fullscreen mode","status":"passed","title":"parses fullscreen mode","duration":0.21680000000003474,"failureMessages":[],"meta":{},"tags":[]},{"ancestorTitles":["parseArgs","--tui-mode flag"],"fullName":"parseArgs --tui-mode flag rejects invalid modes","status":"passed","title":"rejects invalid modes","duration":0.3343999999999596,"failureMessages":[],"meta":{},"tags":[]},{"ancestorTitles":["parseArgs","--tui-mode flag"],"fullName":"parseArgs --tui-mode flag requires a mode","status":"passed","title":"requires a mode","duration":0.31529999999997926,"failureMessages":[],"meta":{},"tags":[]},{"ancestorTitles":["parseArgs","--tui-mode flag"],"fullName":"parseArgs --tui-mode flag does not recognize the old --ui-mode flag","status":"passed","title":"does not recognize the old --ui-mode flag","duration":0.3208999999999378,"failureMessages":[],"meta":{},"tags":[]},{"ancestorTitles":["parseArgs","tool flags"],"fullName":"parseArgs tool flags parses --no-tools flag","status":"passed","title":"parses --no-tools flag","duration":0.2499000000000251,"failureMessages":[],"meta":{},"tags":[]},{"ancestorTitles":["parseArgs","tool flags"],"fullName":"parseArgs tool flags parses -nt shorthand","status":"passed","title":"parses -nt shorthand","duration":0.23270000000002256,"failureMessages":[],"meta":{},"tags":[]},{"ancestorTitles":["parseArgs","tool flags"],"fullName":"parseArgs tool flags parses --no-builtin-tools flag","status":"passed","title":"parses --no-builtin-tools flag","duration":0.2380000000000564,"failureMessages":[],"meta":{},"tags":[]},{"ancestorTitles":["parseArgs","tool flags"],"fullName":"parseArgs tool flags parses -nbt shorthand","status":"passed","title":"parses -nbt shorthand","duration":0.22320000000001983,"failureMessages":[],"meta":{},"tags":[]},{"ancestorTitles":["parseArgs","tool flags"],"fullName":"parseArgs tool flags parses --tools flag","status":"passed","title":"parses --tools flag","duration":0.35990000000003874,"failureMessages":[],"meta":{},"tags":[]},{"ancestorTitles":["parseArgs","tool flags"],"fullName":"parseArgs tool flags parses -t shorthand","status":"passed","title":"parses -t shorthand","duration":0.28309999999999036,"failureMessages":[],"meta":{},"tags":[]},{"ancestorTitles":["parseArgs","tool flags"],"fullName":"parseArgs tool flags parses --exclude-tools flag","status":"passed","title":"parses --exclude-tools flag","duration":0.33979999999996835,"failureMessages":[],"meta":{},"tags":[]},{"ancestorTitles":["parseArgs","tool flags"],"fullName":"parseArgs tool flags parses -xt shorthand","status":"passed","title":"parses -xt shorthand","duration":0.32920000000001437,"failureMessages":[],"meta":{},"tags":[]},{"ancestorTitles":["parseArgs","tool flags"],"fullName":"parseArgs tool flags parses --no-tools with explicit --tools flags","status":"passed","title":"parses --no-tools with explicit --tools flags","duration":0.40640000000007603,"failureMessages":[],"meta":{},"tags":[]},{"ancestorTitles":["parseArgs","tool flags"],"fullName":"parseArgs tool flags parses --no-builtin-tools with explicit --tools flags","status":"passed","title":"parses --no-builtin-tools with explicit --tools flags","duration":0.34359999999992397,"failureMessages":[],"meta":{},"tags":[]},{"ancestorTitles":["parseArgs","messages and file args"],"fullName":"parseArgs messages and file args parses plain text messages","status":"passed","title":"parses plain text messages","duration":0.6598000000000184,"failureMessages":[],"meta":{},"tags":[]},{"ancestorTitles":["parseArgs","messages and file args"],"fullName":"parseArgs messages and file args parses @file arguments","status":"passed","title":"parses @file arguments","duration":0.3666999999999234,"failureMessages":[],"meta":{},"tags":[]},{"ancestorTitles":["parseArgs","messages and file args"],"fullName":"parseArgs messages and file args parses mixed messages and file args","status":"passed","title":"parses mixed messages and file args","duration":0.36360000000001946,"failureMessages":[],"meta":{},"tags":[]},{"ancestorTitles":["parseArgs","messages and file args"],"fullName":"parseArgs messages and file args captures unknown long flags with string values","status":"passed","title":"captures unknown long flags with string values","duration":2.0756000000000085,"failureMessages":[],"meta":{},"tags":[]},{"ancestorTitles":["parseArgs","messages and file args"],"fullName":"parseArgs messages and file args captures unknown boolean long flags","status":"passed","title":"captures unknown boolean long flags","duration":0.3442999999999756,"failureMessages":[],"meta":{},"tags":[]},{"ancestorTitles":["parseArgs","messages and file args"],"fullName":"parseArgs messages and file args captures unknown long flags with equals syntax","status":"passed","title":"captures unknown long flags with equals syntax","duration":0.2743000000000393,"failureMessages":[],"meta":{},"tags":[]},{"ancestorTitles":["parseArgs","complex combinations"],"fullName":"parseArgs complex combinations parses multiple flags together","status":"passed","title":"parses multiple flags together","duration":0.7047000000000025,"failureMessages":[],"meta":{},"tags":[]},{"ancestorTitles":["parseArgs","--flag=value syntax for known flags"],"fullName":"parseArgs --flag=value syntax for known flags --model=x is equivalent to --model x","status":"passed","title":"--model=x is equivalent to --model x","duration":7.437999999999988,"failureMessages":[],"meta":{},"tags":[]},{"ancestorTitles":["parseArgs","--flag=value syntax for known flags"],"fullName":"parseArgs --flag=value syntax for known flags --provider=x and --thinking=high parse like their two-token forms","status":"passed","title":"--provider=x and --thinking=high parse like their two-token forms","duration":0.4800000000000182,"failureMessages":[],"meta":{},"tags":[]},{"ancestorTitles":["parseArgs","--flag=value syntax for known flags"],"fullName":"parseArgs --flag=value syntax for known flags --mode=json selects the mode","status":"passed","title":"--mode=json selects the mode","duration":0.3733999999999469,"failureMessages":[],"meta":{},"tags":[]},{"ancestorTitles":["parseArgs","--flag=value syntax for known flags"],"fullName":"parseArgs --flag=value syntax for known flags --models=a,b splits the same way as the two-token form","status":"passed","title":"--models=a,b splits the same way as the two-token form","duration":0.38830000000007203,"failureMessages":[],"meta":{},"tags":[]},{"ancestorTitles":["parseArgs","--flag=value syntax for known flags"],"fullName":"parseArgs --flag=value syntax for known flags value containing '=' is preserved after the first '='","status":"passed","title":"value containing '=' is preserved after the first '='","duration":0.2803000000000111,"failureMessages":[],"meta":{},"tags":[]},{"ancestorTitles":["parseArgs","--flag=value syntax for known flags"],"fullName":"parseArgs --flag=value syntax for known flags unknown --flag=value still lands in unknownFlags (extension flags)","status":"passed","title":"unknown --flag=value still lands in unknownFlags (extension flags)","duration":0.28129999999998745,"failureMessages":[],"meta":{},"tags":[]},{"ancestorTitles":["parseArgs","--flag=value syntax for known flags"],"fullName":"parseArgs --flag=value syntax for known flags boolean known flags are not affected (--verbose=true stays unknown)","status":"passed","title":"boolean known flags are not affected (--verbose=true stays unknown)","duration":0.3362999999999374,"failureMessages":[],"meta":{},"tags":[]}],"startTime":1786914358403,"endTime":1786914358475.3362,"status":"passed","message":"","name":"C:/Users/A/phi-code/packages/coding-agent/test/args.test.ts"},{"assertionResults":[{"ancestorTitles":["AssistantMessageComponent"],"fullName":"AssistantMessageComponent adds OSC 133 zone markers to assistant messages without tool calls","status":"passed","title":"adds OSC 133 zone markers to assistant messages without tool calls","duration":39.57249999999976,"failureMessages":[],"meta":{},"tags":[]},{"ancestorTitles":["AssistantMessageComponent"],"fullName":"AssistantMessageComponent does not add OSC 133 zone markers when assistant message contains tool calls","status":"passed","title":"does not add OSC 133 zone markers when assistant message contains tool calls","duration":11.29489999999987,"failureMessages":[],"meta":{},"tags":[]},{"ancestorTitles":["AssistantMessageComponent"],"fullName":"AssistantMessageComponent renders length stops with neutral truncation wording","status":"passed","title":"renders length stops with neutral truncation wording","duration":6.251299999999901,"failureMessages":[],"meta":{},"tags":[]},{"ancestorTitles":["AssistantMessageComponent"],"fullName":"AssistantMessageComponent coalesces adjacent thinking blocks into one hidden thinking label","status":"passed","title":"coalesces adjacent thinking blocks into one hidden thinking label","duration":2.560399999999845,"failureMessages":[],"meta":{},"tags":[]},{"ancestorTitles":["AssistantMessageComponent"],"fullName":"AssistantMessageComponent uses configured output padding for text and thinking","status":"passed","title":"uses configured output padding for text and thinking","duration":3.826300000000174,"failureMessages":[],"meta":{},"tags":[]},{"ancestorTitles":["AssistantMessageComponent"],"fullName":"AssistantMessageComponent chains Markdown transformers in registration order","status":"passed","title":"chains Markdown transformers in registration order","duration":3.7256999999999607,"failureMessages":[],"meta":{},"tags":[]},{"ancestorTitles":["AssistantMessageComponent"],"fullName":"AssistantMessageComponent identifies partial assistant Markdown as streaming","status":"passed","title":"identifies partial assistant Markdown as streaming","duration":2.7238000000002103,"failureMessages":[],"meta":{},"tags":[]},{"ancestorTitles":["AssistantMessageComponent"],"fullName":"AssistantMessageComponent reapplies Markdown transformers when available width changes","status":"passed","title":"reapplies Markdown transformers when available width changes","duration":1.9889000000002852,"failureMessages":[],"meta":{},"tags":[]},{"ancestorTitles":["AssistantMessageComponent"],"fullName":"AssistantMessageComponent continues the Markdown transformer chain when a transformer throws","status":"passed","title":"continues the Markdown transformer chain when a transformer throws","duration":1.8659999999999854,"failureMessages":[],"meta":{},"tags":[]},{"ancestorTitles":["AssistantMessageComponent"],"fullName":"AssistantMessageComponent transforms text and thinking Markdown without mutating the original message","status":"passed","title":"transforms text and thinking Markdown without mutating the original message","duration":2.5592000000001462,"failureMessages":[],"meta":{},"tags":[]},{"ancestorTitles":["AssistantMessageComponent"],"fullName":"AssistantMessageComponent uses configured output padding for user messages","status":"passed","title":"uses configured output padding for user messages","duration":4.147399999999834,"failureMessages":[],"meta":{},"tags":[]}],"startTime":1786914356794,"endTime":1786914356875.1475,"status":"passed","message":"","name":"C:/Users/A/phi-code/packages/coding-agent/test/assistant-message.test.ts"},{"assertionResults":[{"ancestorTitles":["auth check command"],"fullName":"auth check command reports a configured provider as ready","status":"passed","title":"reports a configured provider as ready","duration":22.53610000000026,"failureMessages":[],"meta":{},"tags":[]},{"ancestorTitles":["auth check command"],"fullName":"auth check command resolves the provider from --model","status":"passed","title":"resolves the provider from --model","duration":14.06750000000011,"failureMessages":[],"meta":{},"tags":[]},{"ancestorTitles":["auth check command"],"fullName":"auth check command reads credentials without refreshing OAuth when requested","status":"passed","title":"reads credentials without refreshing OAuth when requested","duration":12.794800000000123,"failureMessages":[],"meta":{},"tags":[]},{"ancestorTitles":["auth check command"],"fullName":"auth check command refreshes OAuth by default","status":"passed","title":"refreshes OAuth by default","duration":139.87570000000005,"failureMessages":[],"meta":{},"tags":[]},{"ancestorTitles":["auth check command"],"fullName":"auth check command reports an unknown provider as not ready","status":"passed","title":"reports an unknown provider as not ready","duration":4.775200000000041,"failureMessages":[],"meta":{},"tags":[]},{"ancestorTitles":["auth check command"],"fullName":"auth check command does not treat an unresolved stored environment reference as configured","status":"passed","title":"does not treat an unresolved stored environment reference as configured","duration":18.274999999999636,"failureMessages":[],"meta":{},"tags":[]},{"ancestorTitles":["auth check command"],"fullName":"auth check command reports malformed auth state as invalid","status":"passed","title":"reports malformed auth state as invalid","duration":22.326100000000224,"failureMessages":[],"meta":{},"tags":[]},{"ancestorTitles":["auth check command"],"fullName":"auth check command does not create an auth file or its parent directory","status":"passed","title":"does not create an auth file or its parent directory","duration":6.343299999999999,"failureMessages":[],"meta":{},"tags":[]},{"ancestorTitles":["auth check command"],"fullName":"auth check command accepts optional JSON output, credential output, and --no-refresh","status":"passed","title":"accepts optional JSON output, credential output, and --no-refresh","duration":2.5106000000000677,"failureMessages":[],"meta":{},"tags":[]},{"ancestorTitles":["auth check command"],"fullName":"auth check command creates an auth-check runtime without catalog storage","status":"passed","title":"creates an auth-check runtime without catalog storage","duration":20.295599999999922,"failureMessages":[],"meta":{},"tags":[]}],"startTime":1786914306974,"endTime":1786914307238.2957,"status":"passed","message":"","name":"C:/Users/A/phi-code/packages/coding-agent/test/auth-check.test.ts"},{"assertionResults":[{"ancestorTitles":["AuthStorage"],"fullName":"AuthStorage reads and resolves stored API-key credentials","status":"passed","title":"reads and resolves stored API-key credentials","duration":19.267399999999725,"failureMessages":[],"meta":{},"tags":[]},{"ancestorTitles":["AuthStorage"],"fullName":"AuthStorage resolves command-backed API-key credentials","status":"passed","title":"resolves command-backed API-key credentials","duration":217.78949999999986,"failureMessages":[],"meta":{},"tags":[]},{"ancestorTitles":["AuthStorage"],"fullName":"AuthStorage returns OAuth credentials unchanged","status":"passed","title":"returns OAuth credentials unchanged","duration":3.2213000000001557,"failureMessages":[],"meta":{},"tags":[]},{"ancestorTitles":["AuthStorage"],"fullName":"AuthStorage credential-scoped env takes precedence and remains inspectable","status":"passed","title":"credential-scoped env takes precedence and remains inspectable","duration":9.020899999999983,"failureMessages":[],"meta":{},"tags":[]},{"ancestorTitles":["AuthStorage"],"fullName":"AuthStorage coalesces file reloads across concurrent readers and storage instances","status":"passed","title":"coalesces file reloads across concurrent readers and storage instances","duration":40.108999999999924,"failureMessages":[],"meta":{},"tags":[]},{"ancestorTitles":["AuthStorage"],"fullName":"AuthStorage keeps a coalesced reload alive while another credential reader is waiting","status":"passed","title":"keeps a coalesced reload alive while another credential reader is waiting","duration":12.270199999999932,"failureMessages":[],"meta":{},"tags":[]},{"ancestorTitles":["AuthStorage"],"fullName":"AuthStorage modify persists a credential while preserving unrelated external edits","status":"passed","title":"modify persists a credential while preserving unrelated external edits","duration":13.797000000000025,"failureMessages":[],"meta":{},"tags":[]},{"ancestorTitles":["AuthStorage"],"fullName":"AuthStorage modify with undefined leaves the current credential unchanged","status":"passed","title":"modify with undefined leaves the current credential unchanged","duration":11.734100000000126,"failureMessages":[],"meta":{},"tags":[]},{"ancestorTitles":["AuthStorage"],"fullName":"AuthStorage serializes concurrent modifications","status":"passed","title":"serializes concurrent modifications","duration":15.21270000000004,"failureMessages":[],"meta":{},"tags":[]},{"ancestorTitles":["AuthStorage"],"fullName":"AuthStorage delete removes one credential while preserving others","status":"passed","title":"delete removes one credential while preserving others","duration":18.224299999999857,"failureMessages":[],"meta":{},"tags":[]},{"ancestorTitles":["AuthStorage"],"fullName":"AuthStorage in-memory storage implements the same credential-store behavior","status":"passed","title":"in-memory storage implements the same credential-store behavior","duration":2.5552999999999884,"failureMessages":[],"meta":{},"tags":[]},{"ancestorTitles":["AuthStorage"],"fullName":"AuthStorage does not write after lock acquisition failure and recovers on retry","status":"passed","title":"does not write after lock acquisition failure and recovers on retry","duration":21.88760000000002,"failureMessages":[],"meta":{},"tags":[]},{"ancestorTitles":["AuthStorage"],"fullName":"AuthStorage retries a briefly contended file lock","status":"passed","title":"retries a briefly contended file lock","duration":40.58840000000009,"failureMessages":[],"meta":{},"tags":[]},{"ancestorTitles":["AuthStorage"],"fullName":"AuthStorage surfaces a compromised file storage lock","status":"passed","title":"surfaces a compromised file storage lock","duration":22.715599999999995,"failureMessages":[],"meta":{},"tags":[]},{"ancestorTitles":["AuthStorage"],"fullName":"AuthStorage pre-aborted file operations do not create the backing file or run the mutation","status":"passed","title":"pre-aborted file operations do not create the backing file or run the mutation","duration":3.626499999999851,"failureMessages":[],"meta":{},"tags":[]},{"ancestorTitles":["AuthStorage"],"fullName":"AuthStorage aborts while waiting for a held file lock without running the mutation later","status":"passed","title":"aborts while waiting for a held file lock without running the mutation later","duration":190.38369999999986,"failureMessages":[],"meta":{},"tags":[]},{"ancestorTitles":["AuthStorage"],"fullName":"AuthStorage releases a file lock acquired concurrently with cancellation before mutation","status":"passed","title":"releases a file lock acquired concurrently with cancellation before mutation","duration":10.853300000000218,"failureMessages":[],"meta":{},"tags":[]},{"ancestorTitles":["AuthStorage"],"fullName":"AuthStorage holds the file lock until a cancelled active callback settles without committing it","status":"passed","title":"holds the file lock until a cancelled active callback settles without committing it","duration":86.14979999999969,"failureMessages":[],"meta":{},"tags":[]},{"ancestorTitles":["AuthStorage"],"fullName":"AuthStorage cancels a signalled credential read waiting for a held file lock","status":"passed","title":"cancels a signalled credential read waiting for a held file lock","duration":187.54199999999992,"failureMessages":[],"meta":{},"tags":[]},{"ancestorTitles":["AuthStorage"],"fullName":"AuthStorage serializes in-memory mutations across providers","status":"passed","title":"serializes in-memory mutations across providers","duration":12.458999999999833,"failureMessages":[],"meta":{},"tags":[]},{"ancestorTitles":["AuthStorage"],"fullName":"AuthStorage cancels a queued in-memory mutation without running it later","status":"passed","title":"cancels a queued in-memory mutation without running it later","duration":16.66469999999981,"failureMessages":[],"meta":{},"tags":[]},{"ancestorTitles":["AuthStorage"],"fullName":"AuthStorage preserves the stored credential after cancelling an active refresh mutation","status":"passed","title":"preserves the stored credential after cancelling an active refresh mutation","duration":14.503600000000006,"failureMessages":[],"meta":{},"tags":[]},{"ancestorTitles":["AuthStorage"],"fullName":"AuthStorage translates a credential-store refresh failure and allows a later retry","status":"passed","title":"translates a credential-store refresh failure and allows a later retry","duration":6.442299999999705,"failureMessages":[],"meta":{},"tags":[]},{"ancestorTitles":["AuthStorage"],"fullName":"AuthStorage does not overwrite malformed auth files","status":"passed","title":"does not overwrite malformed auth files","duration":14.750500000000102,"failureMessages":[],"meta":{},"tags":[]}],"startTime":1786914277304,"endTime":1786914278296.7505,"status":"passed","message":"","name":"C:/Users/A/phi-code/packages/coding-agent/test/auth-storage.test.ts"},{"assertionResults":[{"ancestorTitles":["Windows child-process close handling"],"fullName":"Windows child-process close handling executeBash resolves after the shell exits even if inherited stdio handles stay open","status":"passed","title":"executeBash resolves after the shell exits even if inherited stdio handles stay open","duration":556.2813999999998,"failureMessages":[],"meta":{},"tags":[]},{"ancestorTitles":["Windows child-process close handling"],"fullName":"Windows child-process close handling bash tool resolves after the shell exits even if inherited stdio handles stay open","status":"passed","title":"bash tool resolves after the shell exits even if inherited stdio handles stay open","duration":546.8767000000003,"failureMessages":[],"meta":{},"tags":[]}],"startTime":1786914268526,"endTime":1786914269628.8767,"status":"passed","message":"","name":"C:/Users/A/phi-code/packages/coding-agent/test/bash-close-hang-windows.test.ts"},{"assertionResults":[{"ancestorTitles":["BashExecutionComponent width handling (#2569)"],"fullName":"BashExecutionComponent width handling (#2569) collapsed preview lines respect render-time width, not construction-time width","status":"passed","title":"collapsed preview lines respect render-time width, not construction-time width","duration":24.278999999999996,"failureMessages":[],"meta":{},"tags":[]},{"ancestorTitles":["BashExecutionComponent width handling (#2569)"],"fullName":"BashExecutionComponent width handling (#2569) re-computes lines when width changes between renders","status":"passed","title":"re-computes lines when width changes between renders","duration":8.550400000000081,"failureMessages":[],"meta":{},"tags":[]}],"startTime":1786914367671,"endTime":1786914367703.5503,"status":"passed","message":"","name":"C:/Users/A/phi-code/packages/coding-agent/test/bash-execution-width.test.ts"},{"assertionResults":[{"ancestorTitles":["blockImages setting","SettingsManager"],"fullName":"blockImages setting SettingsManager should default blockImages to false","status":"passed","title":"should default blockImages to false","duration":6.482199999999921,"failureMessages":[],"meta":{},"tags":[]},{"ancestorTitles":["blockImages setting","SettingsManager"],"fullName":"blockImages setting SettingsManager should return true when blockImages is set to true","status":"passed","title":"should return true when blockImages is set to true","duration":0.751299999999901,"failureMessages":[],"meta":{},"tags":[]},{"ancestorTitles":["blockImages setting","SettingsManager"],"fullName":"blockImages setting SettingsManager should persist blockImages setting via setBlockImages","status":"passed","title":"should persist blockImages setting via setBlockImages","duration":1.9005999999999403,"failureMessages":[],"meta":{},"tags":[]},{"ancestorTitles":["blockImages setting","SettingsManager"],"fullName":"blockImages setting SettingsManager should handle blockImages alongside autoResize","status":"passed","title":"should handle blockImages alongside autoResize","duration":0.796100000000024,"failureMessages":[],"meta":{},"tags":[]},{"ancestorTitles":["blockImages setting","Read tool"],"fullName":"blockImages setting Read tool should always read images (filtering happens at convertToLlm layer)","status":"passed","title":"should always read images (filtering happens at convertToLlm layer)","duration":274.1465000000003,"failureMessages":[],"meta":{},"tags":[]},{"ancestorTitles":["blockImages setting","Read tool"],"fullName":"blockImages setting Read tool should read text files normally","status":"passed","title":"should read text files normally","duration":16.703100000000177,"failureMessages":[],"meta":{},"tags":[]},{"ancestorTitles":["blockImages setting","processFileArguments"],"fullName":"blockImages setting processFileArguments should always process images (filtering happens at convertToLlm layer)","status":"passed","title":"should always process images (filtering happens at convertToLlm layer)","duration":342.81550000000016,"failureMessages":[],"meta":{},"tags":[]},{"ancestorTitles":["blockImages setting","processFileArguments"],"fullName":"blockImages setting processFileArguments should process BMP images from disk as PNG attachments","status":"passed","title":"should process BMP images from disk as PNG attachments","duration":402.06960000000026,"failureMessages":[],"meta":{},"tags":[]},{"ancestorTitles":["blockImages setting","processFileArguments"],"fullName":"blockImages setting processFileArguments should process text files normally","status":"passed","title":"should process text files normally","duration":20.522399999999834,"failureMessages":[],"meta":{},"tags":[]}],"startTime":1786914274526,"endTime":1786914275593.5225,"status":"passed","message":"","name":"C:/Users/A/phi-code/packages/coding-agent/test/block-images.test.ts"},{"assertionResults":[{"ancestorTitles":["Branch summary extensions"],"fullName":"Branch summary extensions persists extension-provided summary usage in session totals","status":"passed","title":"persists extension-provided summary usage in session totals","duration":80.02419999999984,"failureMessages":[],"meta":{},"tags":[]}],"startTime":1786914358671,"endTime":1786914358751.0242,"status":"passed","message":"","name":"C:/Users/A/phi-code/packages/coding-agent/test/branch-summary-extensions.test.ts"},{"assertionResults":[{"ancestorTitles":["decideBuildRound"],"fullName":"decideBuildRound SUCCESS when all checkable criteria pass and no break","status":"passed","title":"SUCCESS when all checkable criteria pass and no break","duration":8.709699999999998,"failureMessages":[],"meta":{},"tags":[]},{"ancestorTitles":["decideBuildRound"],"fullName":"decideBuildRound SUCCESS still reports manual criteria as unverified, not as passed","status":"passed","title":"SUCCESS still reports manual criteria as unverified, not as passed","duration":3.1090000000000373,"failureMessages":[],"meta":{},"tags":[]},{"ancestorTitles":["decideBuildRound"],"fullName":"decideBuildRound PARTIAL (not success) when nothing was executably verified","status":"passed","title":"PARTIAL (not success) when nothing was executably verified","duration":0.7767999999999802,"failureMessages":[],"meta":{},"tags":[]},{"ancestorTitles":["decideBuildRound"],"fullName":"decideBuildRound CONTINUE with failing criteria routed to /debug when under budget","status":"passed","title":"CONTINUE with failing criteria routed to /debug when under budget","duration":1.4623000000000275,"failureMessages":[],"meta":{},"tags":[]},{"ancestorTitles":["decideBuildRound"],"fullName":"decideBuildRound includes red-team breaking cases as failures","status":"passed","title":"includes red-team breaking cases as failures","duration":1.2585000000000264,"failureMessages":[],"meta":{},"tags":[]},{"ancestorTitles":["decideBuildRound"],"fullName":"decideBuildRound PARTIAL when the round budget is exhausted, listing what still fails","status":"passed","title":"PARTIAL when the round budget is exhausted, listing what still fails","duration":1.2054000000000542,"failureMessages":[],"meta":{},"tags":[]}],"startTime":1786914384535,"endTime":1786914384552.2053,"status":"passed","message":"","name":"C:/Users/A/phi-code/packages/coding-agent/test/build-loop.test.ts"},{"assertionResults":[{"ancestorTitles":["computeCacheWaste"],"fullName":"computeCacheWaste accumulates missed tokens and cost across turns","status":"passed","title":"accumulates missed tokens and cost across turns","duration":6.919300000000021,"failureMessages":[],"meta":{},"tags":[]},{"ancestorTitles":["computeCacheWaste"],"fullName":"computeCacheWaste counts nothing for healthy sessions","status":"passed","title":"counts nothing for healthy sessions","duration":0.7529000000000678,"failureMessages":[],"meta":{},"tags":[]},{"ancestorTitles":["computeCacheWaste"],"fullName":"computeCacheWaste skips the turn after a compaction reset","status":"passed","title":"skips the turn after a compaction reset","duration":0.7091000000000349,"failureMessages":[],"meta":{},"tags":[]},{"ancestorTitles":["computeCacheWaste"],"fullName":"computeCacheWaste counts misses caused by model switches","status":"passed","title":"counts misses caused by model switches","duration":0.745900000000006,"failureMessages":[],"meta":{},"tags":[]},{"ancestorTitles":["computeCacheWaste"],"fullName":"computeCacheWaste skips providers that report no cache activity","status":"passed","title":"skips providers that report no cache activity","duration":0.6444999999999936,"failureMessages":[],"meta":{},"tags":[]},{"ancestorTitles":["collectCacheMisses"],"fullName":"collectCacheMisses maps counted misses to their assistant messages by reference","status":"passed","title":"maps counted misses to their assistant messages by reference","duration":0.8889000000000351,"failureMessages":[],"meta":{},"tags":[]},{"ancestorTitles":["detectCacheMiss"],"fullName":"detectCacheMiss detects a miss on a just-completed message with idle time","status":"passed","title":"detects a miss on a just-completed message with idle time","duration":1.1310999999999467,"failureMessages":[],"meta":{},"tags":[]},{"ancestorTitles":["detectCacheMiss"],"fullName":"detectCacheMiss flags model switches on detected misses","status":"passed","title":"flags model switches on detected misses","duration":0.7586999999999762,"failureMessages":[],"meta":{},"tags":[]},{"ancestorTitles":["detectCacheMiss"],"fullName":"detectCacheMiss returns undefined for healthy turns","status":"passed","title":"returns undefined for healthy turns","duration":0.75,"failureMessages":[],"meta":{},"tags":[]},{"ancestorTitles":["detectCacheMiss"],"fullName":"detectCacheMiss returns undefined for the first turn of a session","status":"passed","title":"returns undefined for the first turn of a session","duration":0.6591000000000804,"failureMessages":[],"meta":{},"tags":[]}],"startTime":1786914379924,"endTime":1786914379938.75,"status":"passed","message":"","name":"C:/Users/A/phi-code/packages/coding-agent/test/cache-stats.test.ts"},{"assertionResults":[{"ancestorTitles":["diffChangedLines"],"fullName":"diffChangedLines counts +/- lines and ignores headers","status":"passed","title":"counts +/- lines and ignores headers","duration":6.613100000000031,"failureMessages":[],"meta":{},"tags":[]},{"ancestorTitles":["selectMinimalPassingCandidate"],"fullName":"selectMinimalPassingCandidate picks the smallest patch among those that pass the repro","status":"passed","title":"picks the smallest patch among those that pass the repro","duration":1.8958999999999833,"failureMessages":[],"meta":{},"tags":[]},{"ancestorTitles":["selectMinimalPassingCandidate"],"fullName":"selectMinimalPassingCandidate prefers a passing candidate even if a smaller one FAILS the repro","status":"passed","title":"prefers a passing candidate even if a smaller one FAILS the repro","duration":0.7432000000000016,"failureMessages":[],"meta":{},"tags":[]},{"ancestorTitles":["selectMinimalPassingCandidate"],"fullName":"selectMinimalPassingCandidate chooses NOTHING when a repro existed but every candidate failed it","status":"passed","title":"chooses NOTHING when a repro existed but every candidate failed it","duration":0.966600000000085,"failureMessages":[],"meta":{},"tags":[]},{"ancestorTitles":["selectMinimalPassingCandidate"],"fullName":"selectMinimalPassingCandidate falls back to the smallest non-empty patch when there is no repro to gate on","status":"passed","title":"falls back to the smallest non-empty patch when there is no repro to gate on","duration":0.8087000000000444,"failureMessages":[],"meta":{},"tags":[]},{"ancestorTitles":["selectMinimalPassingCandidate"],"fullName":"selectMinimalPassingCandidate ignores empty patches","status":"passed","title":"ignores empty patches","duration":0.6358999999999924,"failureMessages":[],"meta":{},"tags":[]},{"ancestorTitles":["selectMinimalPassingCandidate"],"fullName":"selectMinimalPassingCandidate returns nothing when no candidate has a patch","status":"passed","title":"returns nothing when no candidate has a patch","duration":2.5259000000000924,"failureMessages":[],"meta":{},"tags":[]},{"ancestorTitles":["selectMinimalPassingCandidate"],"fullName":"selectMinimalPassingCandidate breaks size ties by list order (caller orders by preference)","status":"passed","title":"breaks size ties by list order (caller orders by preference)","duration":0.9154000000000906,"failureMessages":[],"meta":{},"tags":[]}],"startTime":1786914385696,"endTime":1786914385712.9153,"status":"passed","message":"","name":"C:/Users/A/phi-code/packages/coding-agent/test/candidate-select.test.ts"},{"assertionResults":[{"ancestorTitles":["normalizeChangelogLinks"],"fullName":"normalizeChangelogLinks rewrites package-relative changelog links to tag-pinned GitHub source links","status":"passed","title":"rewrites package-relative changelog links to tag-pinned GitHub source links","duration":8.639700000000062,"failureMessages":[],"meta":{},"tags":[]},{"ancestorTitles":["normalizeChangelogLinks"],"fullName":"normalizeChangelogLinks canonicalizes old repository URLs without changing external links","status":"passed"
[...]
":[],"meta":{},"tags":[]},{"ancestorTitles":["regression #6363: agent settled event and idle waiting"],"fullName":"regression #6363: agent settled event and idle waiting extension command waitForIdle waits for session-level settlement","status":"passed","title":"extension command waitForIdle waits for session-level settlement","duration":51.20089999999982,"failureMessages":[],"meta":{},"tags":[]}],"startTime":1786914319127,"endTime":1786914319331.201,"status":"passed","message":"","name":"C:/Users/A/phi-code/packages/coding-agent/test/suite/regressions/6363-agent-settled-event.test.ts"},{"assertionResults":[{"ancestorTitles":["#6647 compaction retries transient summarization failures"],"fullName":"#6647 compaction retries transient summarization failures retries a transient `terminated` summarization error and compacts successfully","status":"passed","title":"retries a transient `terminated` summarization error and compacts successfully","duration":105.17230000000018,"failureMessages":[],"meta":{},"tags":[]},{"ancestorTitles":["#6647 compaction retries transient summarization failures"],"fullName":"#6647 compaction retries transient summarization failures does not retry a non-retryable error (insufficient_quota)","status":"passed","title":"does not retry a non-retryable error (insufficient_quota)","duration":30.897399999999834,"failureMessages":[],"meta":{},"tags":[]},{"ancestorTitles":["#6647 compaction retries transient summarization failures"],"fullName":"#6647 compaction retries transient summarization failures does not retry when retry is disabled","status":"passed","title":"does not retry when retry is disabled","duration":30.240600000000086,"failureMessages":[],"meta":{},"tags":[]},{"ancestorTitles":["#6647 compaction retries transient summarization failures"],"fullName":"#6647 compaction retries transient summarization failures stops retrying after maxRetries and reports failure","status":"passed","title":"stops retrying after maxRetries and reports failure","duration":64.1895999999997,"failureMessages":[],"meta":{},"tags":[]},{"ancestorTitles":["#6647 compaction retries transient summarization failures"],"fullName":"#6647 compaction retries transient summarization failures aborts an in-flight retry backoff via abortCompaction","status":"passed","title":"aborts an in-flight retry backoff via abortCompaction","duration":25.10109999999986,"failureMessages":[],"meta":{},"tags":[]}],"startTime":1786914323277,"endTime":1786914323533.101,"status":"passed","message":"","name":"C:/Users/A/phi-code/packages/coding-agent/test/suite/regressions/6647-compaction-retries-transient-stream-drop.test.ts"},{"assertionResults":[{"ancestorTitles":["issue #6768 Copilot compaction base URL"],"fullName":"issue #6768 Copilot compaction base URL uses the auth-resolved base URL through the SDK-style stream wrapper","status":"passed","title":"uses the auth-resolved base URL through the SDK-style stream wrapper","duration":121.1259,"failureMessages":[],"meta":{},"tags":[]}],"startTime":1786914345225,"endTime":1786914345346.126,"status":"passed","message":"","name":"C:/Users/A/phi-code/packages/coding-agent/test/suite/regressions/6768-copilot-compaction-base-url.test.ts"},{"assertionResults":[{"ancestorTitles":["issue #6904 DNS transport failure retry"],"fullName":"issue #6904 DNS transport failure retry retries a transient DNS lookup failure","status":"passed","title":"retries a transient DNS lookup failure","duration":120.46409999999923,"failureMessages":[],"meta":{},"tags":[]}],"startTime":1786914342295,"endTime":1786914342415.464,"status":"passed","message":"","name":"C:/Users/A/phi-code/packages/coding-agent/test/suite/regressions/6904-dns-transport-retry.test.ts"},{"assertionResults":[{"ancestorTitles":["issue #6949 unavailable scoped models"],"fullName":"issue #6949 unavailable scoped models shows and removes an enabled model without a catalog entry","status":"passed","title":"shows and removes an enabled model without a catalog entry","duration":175.52150000000074,"failureMessages":[],"meta":{},"tags":[]},{"ancestorTitles":["issue #6949 unavailable scoped models"],"fullName":"issue #6949 unavailable scoped models passes unmatched settings patterns to the selector with one combined resolution","status":"passed","title":"passes unmatched settings patterns to the selector with one combined resolution","duration":58.03200000000015,"failureMessages":[],"meta":{},"tags":[]},{"ancestorTitles":["issue #6949 unavailable scoped models"],"fullName":"issue #6949 unavailable scoped models opens when only a session-scoped model is unavailable","status":"passed","title":"opens when only a session-scoped model is unavailable","duration":46.86840000000029,"failureMessages":[],"meta":{},"tags":[]},{"ancestorTitles":["issue #6949 unavailable scoped models"],"fullName":"issue #6949 unavailable scoped models does not clear a partial scope when an enabled model is unavailable","status":"passed","title":"does not clear a partial scope when an enabled model is unavailable","duration":37.57929999999942,"failureMessages":[],"meta":{},"tags":[]}],"startTime":1786914303469,"endTime":1786914303787.5793,"status":"passed","message":"","name":"C:/Users/A/phi-code/packages/coding-agent/test/suite/regressions/6949-unavailable-scoped-model.test.ts"},{"assertionResults":[{"ancestorTitles":["issue #6999 models.json hot reload"],"fullName":"issue #6999 models.json hot reload reloads models.json when opening /model","status":"passed","title":"reloads models.json when opening /model","duration":121.2577999999994,"failureMessages":[],"meta":{},"tags":[]}],"startTime":1786914347219,"endTime":1786914347340.2578,"status":"passed","message":"","name":"C:/Users/A/phi-code/packages/coding-agent/test/suite/regressions/6999-models-json-hot-reload.test.ts"},{"assertionResults":[{"ancestorTitles":["issues #7027 and #7113 credential refresh hang"],"fullName":"issues #7027 and #7113 credential refresh hang does not hold login behind an older stalled network catalog refresh","status":"passed","title":"does not hold login behind an older stalled network catalog refresh","duration":90.70749999999953,"failureMessages":[],"meta":{},"tags":[]},{"ancestorTitles":["issues #7027 and #7113 credential refresh hang"],"fullName":"issues #7027 and #7113 credential refresh hang completes interactive login before its bounded background refresh","status":"passed","title":"completes interactive login before its bounded background refresh","duration":93.11269999999968,"failureMessages":[],"meta":{},"tags":[]}],"startTime":1786914332385,"endTime":1786914332569.1128,"status":"passed","message":"","name":"C:/Users/A/phi-code/packages/coding-agent/test/suite/regressions/7027-credential-refresh-hang.test.ts"},{"assertionResults":[{"ancestorTitles":["issue #7150: RPC prompt during manual compaction"],"fullName":"issue #7150: RPC prompt during manual compaction rejects an RPC prompt while manual compaction is in progress","status":"passed","title":"rejects an RPC prompt while manual compaction is in progress","duration":113.60440000000017,"failureMessages":[],"meta":{},"tags":[]}],"startTime":1786914353337,"endTime":1786914353450.6045,"status":"passed","message":"","name":"C:/Users/A/phi-code/packages/coding-agent/test/suite/regressions/7150-rpc-prompt-during-compaction.test.ts"},{"assertionResults":[{"ancestorTitles":["issue #7153 scoped models refresh"],"fullName":"issue #7153 scoped models refresh renders cached models immediately and updates after background refresh","status":"passed","title":"renders cached models immediately and updates after background refresh","duration":183.14320000000043,"failureMessages":[],"meta":{},"tags":[]},{"ancestorTitles":["issue #7153 scoped models refresh"],"fullName":"issue #7153 scoped models refresh cancels the background refresh when the selector closes","status":"passed","title":"cancels the background refresh when the selector closes","duration":86.85490000000027,"failureMessages":[],"meta":{},"tags":[]}],"startTime":1786914312088,"endTime":1786914312358.855,"status":"passed","message":"","name":"C:/Users/A/phi-code/packages/coding-agent/test/suite/regressions/7153-scoped-models-refresh.test.ts"},{"assertionResults":[{"ancestorTitles":["issue #7187 malformed package manifest"],"fullName":"issue #7187 malformed package manifest ignores invalid resource fields without dropping valid fields","status":"passed","title":"ignores invalid resource fields without dropping valid fields","duration":124.94810000000052,"failureMessages":[],"meta":{},"tags":[]}],"startTime":1786914337473,"endTime":1786914337597.948,"status":"passed","message":"","name":"C:/Users/A/phi-code/packages/coding-agent/test/suite/regressions/7187-malformed-package-manifest.test.ts"},{"assertionResults":[{"ancestorTitles":["issue #7193 extension event-bus lifecycle"],"fullName":"issue #7193 extension event-bus lifecycle removes extension-owned event-bus listeners on reload and dispose","status":"passed","title":"removes extension-owned event-bus listeners on reload and dispose","duration":102.85019999999986,"failureMessages":[],"meta":{},"tags":[]}],"startTime":1786914351856,"endTime":1786914351958.85,"status":"passed","message":"","name":"C:/Users/A/phi-code/packages/coding-agent/test/suite/regressions/7193-event-bus-lifecycle.test.ts"},{"assertionResults":[{"ancestorTitles":["model selector filter resets selection to top"],"fullName":"model selector filter resets selection to top moves selection to the first row in the All tab when typing a query","status":"passed","title":"moves selection to the first row in the All tab when typing a query","duration":240.8146000000006,"failureMessages":[],"meta":{},"tags":[]},{"ancestorTitles":["model selector filter resets selection to top"],"fullName":"model selector filter resets selection to top moves selection to the first row in the Scoped tab when typing a query","status":"passed","title":"moves selection to the first row in the Scoped tab when typing a query","duration":94.22850000000017,"failureMessages":[],"meta":{},"tags":[]}],"startTime":1786914305743,"endTime":1786914306078.2285,"status":"passed","message":"","name":"C:/Users/A/phi-code/packages/coding-agent/test/suite/regressions/7209-model-selector-filter-resets-selection.test.ts"},{"assertionResults":[{"ancestorTitles":["issue #7253: manual compaction during an active response"],"fullName":"issue #7253: manual compaction during an active response runs only the requested manual compaction when the previous turn crossed the threshold","status":"passed","title":"runs only the requested manual compaction when the previous turn crossed the threshold","duration":142.3094000000001,"failureMessages":[],"meta":{},"tags":[]}],"startTime":1786914342914,"endTime":1786914343056.3093,"status":"passed","message":"","name":"C:/Users/A/phi-code/packages/coding-agent/test/suite/regressions/7253-manual-compact-during-response.test.ts"},{"assertionResults":[{"ancestorTitles":["regression #7290: JSON event streams stay linear"],"fullName":"regression #7290: JSON event streams stay linear emits delta-only message updates whose size scales linearly","status":"passed","title":"emits delta-only message updates whose size scales linearly","duration":289.9214000000002,"failureMessages":[],"meta":{},"tags":[]}],"startTime":1786914310469,"endTime":1786914310758.9214,"status":"passed","message":"","name":"C:/Users/A/phi-code/packages/coding-agent/test/suite/regressions/7290-json-stream-linear.test.ts"},{"assertionResults":[{"ancestorTitles":["issue #7301 stalled availability refresh"],"fullName":"issue #7301 stalled availability refresh recovers without letting the stalled refresh overwrite the newer snapshot","status":"passed","title":"recovers without letting the stalled refresh overwrite the newer snapshot","duration":204.77359999999953,"failureMessages":[],"meta":{},"tags":[]},{"ancestorTitles":["issue #7301 stalled availability refresh"],"fullName":"issue #7301 stalled availability refresh does not let a stale failure overwrite newer availability error state","status":"passed","title":"does not let a stale failure overwrite newer availability error state","duration":95.88349999999991,"failureMessages":[],"meta":{},"tags":[]},{"ancestorTitles":["issue #7301 stalled availability refresh"],"fullName":"issue #7301 stalled availability refresh does not let a stale provider-scoped failure overwrite a newer availability pass","status":"passed","title":"does not let a stale provider-scoped failure overwrite a newer availability pass","duration":46.66200000000026,"failureMessages":[],"meta":{},"tags":[]}],"startTime":1786914303343,"endTime":1786914303690.662,"status":"passed","message":"","name":"C:/Users/A/phi-code/packages/coding-agent/test/suite/regressions/7301-stalled-availability-refresh.test.ts"},{"assertionResults":[{"ancestorTitles":["issue #7443 /model cached match"],"fullName":"issue #7443 /model cached match matches the availability snapshot without starting a catalog refresh","status":"passed","title":"matches the availability snapshot without starting a catalog refresh","duration":93.14649999999983,"failureMessages":[],"meta":{},"tags":[]},{"ancestorTitles":["issue #7443 /model cached match"],"fullName":"issue #7443 /model cached match uses a caller-owned deadline only after a cache miss","status":"passed","title":"uses a caller-owned deadline only after a cache miss","duration":46.196500000000015,"failureMessages":[],"meta":{},"tags":[]}],"startTime":1786914336618,"endTime":1786914336758.1965,"status":"passed","message":"","name":"C:/Users/A/phi-code/packages/coding-agent/test/suite/regressions/7443-model-command-cached-match.test.ts"},{"assertionResults":[{"ancestorTitles":["regression #7497: discover sessions through symlinked directories"],"fullName":"regression #7497: discover sessions through symlinked directories discovers a session through a directory link and preserves the alias path","status":"passed","title":"discovers a session through a directory link and preserves the alias path","duration":29.41449999999986,"failureMessages":[],"meta":{},"tags":[]},{"ancestorTitles":["regression #7497: discover sessions through symlinked directories"],"fullName":"regression #7497: discover sessions through symlinked directories ignores a broken directory link without hiding valid sessions","status":"passed","title":"ignores a broken directory link without hiding valid sessions","duration":18.91260000000011,"failureMessages":[],"meta":{},"tags":[]},{"ancestorTitles":["regression #7497: discover sessions through symlinked directories"],"fullName":"regression #7497: discover sessions through symlinked directories ignores links to files","status":"skipped","title":"ignores links to files","failureMessages":[],"meta":{},"tags":[]}],"startTime":1786914364404,"endTime":1786914364451.9126,"status":"passed","message":"","name":"C:/Users/A/phi-code/packages/coding-agent/test/suite/regressions/7497-session-discovery-symlink.test.ts"},{"assertionResults":[{"ancestorTitles":["regression #7572: nested provider retry settings merge"],"fullName":"regression #7572: nested provider retry settings merge preserves global provider settings not overridden by the project","status":"passed","title":"preserves global provider settings not overridden by the project","duration":9.744200000000092,"failureMessages":[],"meta":{},"tags":[]}],"startTime":1786914383653,"endTime":1786914383662.7441,"status":"passed","message":"","name":"C:/Users/A/phi-code/packages/coding-agent/test/suite/regressions/7572-provider-retry-settings-merge.test.ts"},{"assertionResults":[{"ancestorTitles":["TUI method wrapping"],"fullName":"TUI method wrapping calls the method captured before a replacement","status":"passed","title":"calls the method captured before a replacement","duration":7.169800000000578,"failureMessages":[],"meta":{},"tags":[]},{"ancestorTitles":["TUI method wrapping"],"fullName":"TUI method wrapping routes a captured method to a replacement renderer","status":"passed","title":"routes a captured method to a replacement renderer","duration":2.940099999999802,"failureMessages":[],"meta":{},"tags":[]}],"startTime":1786914396643,"endTime":1786914396652.9402,"status":"passed","message":"","name":"C:/Users/A/phi-code/packages/coding-agent/test/suite/regressions/7731-tui-method-wrapping.test.ts"},{"assertionResults":[{"ancestorTitles":["regression #7911: JSON message updates retain usage"],"fullName":"regression #7911: JSON message updates retain usage includes cumulative usage without cumulative message snapshots","status":"passed","title":"includes cumulative usage without cumulative message snapshots","duration":92.96920000000046,"failureMessages":[],"meta":{},"tags":[]}],"startTime":1786914339476,"endTime":1786914339568.9692,"status":"passed","message":"","name":"C:/Users/A/phi-code/packages/coding-agent/test/suite/regressions/7911-json-stream-usage.test.ts"},{"assertionResults":[{"ancestorTitles":["extension factory cache"],"fullName":"extension factory cache caches extension modules for cached same-cwd loads but reruns factories","status":"passed","title":"caches extension modules for cached same-cwd loads but reruns factories","duration":206.47229999999945,"failureMessages":[],"meta":{},"tags":[]},{"ancestorTitles":["extension factory cache"],"fullName":"extension factory cache does not cache direct loadExtensions calls","status":"passed","title":"does not cache direct loadExtensions calls","duration":80.82809999999972,"failureMessages":[],"meta":{},"tags":[]},{"ancestorTitles":["extension factory cache"],"fullName":"extension factory cache clears the cache on resource loader reload","status":"passed","title":"clears the cache on resource loader reload","duration":125.11470000000008,"failureMessages":[],"meta":{},"tags":[]},{"ancestorTitles":["extension factory cache"],"fullName":"extension factory cache keeps the cache scoped to one cwd","status":"passed","title":"keeps the cache scoped to one cwd","duration":83.91949999999997,"failureMessages":[],"meta":{},"tags":[]}],"startTime":1786914298239,"endTime":1786914298735.9194,"status":"passed","message":"","name":"C:/Users/A/phi-code/packages/coding-agent/test/suite/regressions/extension-factory-cache.test.ts"},{"assertionResults":[{"ancestorTitles":["pre-prompt compaction regression"],"fullName":"pre-prompt compaction regression compacts length-stop overflow before a new prompt without continuing from an assistant message","status":"passed","title":"compacts length-stop overflow before a new prompt without continuing from an assistant message","duration":168.39820000000054,"failureMessages":[],"meta":{},"tags":[]}],"startTime":1786914346071,"endTime":1786914346239.3982,"status":"passed","message":"","name":"C:/Users/A/phi-code/packages/coding-agent/test/suite/regressions/pre-prompt-compaction-no-continue.test.ts"},{"assertionResults":[{"ancestorTitles":["overlapping startup and replacement session rebinds"],"fullName":"overlapping startup and replacement session rebinds does not subscribe from the stale startup rebind","status":"passed","title":"does not subscribe from the stale startup rebind","duration":7.781599999999344,"failureMessages":[],"meta":{},"tags":[]}],"startTime":1786914397648,"endTime":1786914397655.7815,"status":"passed","message":"","name":"C:/Users/A/phi-code/packages/coding-agent/test/suite/regressions/startup-session-rebind-duplicate-subscription.test.ts"},{"assertionResults":[{"ancestorTitles":["tree navigation during an active response"],"fullName":"tree navigation during an active response rejects navigation without changing the active leaf","status":"passed","title":"rejects navigation without changing the active leaf","duration":124.20349999999962,"failureMessages":[],"meta":{},"tags":[]}],"startTime":1786914345932,"endTime":1786914346056.2036,"status":"passed","message":"","name":"C:/Users/A/phi-code/packages/coding-agent/test/suite/regressions/tree-during-streaming.test.ts"}]}